C51 COMPILER V9.60.0.0   DELAY                                                             06/20/2022 13:51:06 PAGE 1   


C51 COMPILER V9.60.0.0, COMPILATION OF MODULE DELAY
OBJECT MODULE PLACED IN .\Objects\delay.obj
COMPILER INVOKED BY: D:\KEILC51u5\C51\BIN\C51.EXE delay.c OPTIMIZE(8,SPEED) BROWSE DEBUG OBJECTEXTEND PRINT(.\Listings\d
                    -elay.lst) TABS(2) OBJECT(.\Objects\delay.obj)

line level    source

   1          #include "delay.h"
   2          #include "intrins.h"
   3          
   4          void Delay2us()                //@11.0592MHz
   5          {
   6   1        unsigned char i;
   7   1        _nop_();
   8   1        i = 5;
   9   1        while (--i);
  10   1      }
  11          void Delay3us()                //@11.0592MHz
  12          {
  13   1        unsigned char i;
  14   1        i = 9;
  15   1        while (--i);
  16   1      }
  17          void Delay5us()                //@11.0592MHz
  18          {
  19   1        unsigned char i;
  20   1        _nop_();
  21   1        i = 16;
  22   1        while (--i);
  23   1        }
  24          void Delay20us()    //@11.0592MHz
  25          {
  26   1        unsigned char i;
  27   1      
  28   1        _nop_();
  29   1        _nop_();
  30   1        _nop_();
  31   1        i = 52;
  32   1        while (--i);
  33   1      }
  34          void Delay1ms()   //@11.0592MHz
  35          {
  36   1        unsigned char i, j;
  37   1      
  38   1        _nop_();
  39   1        _nop_();
  40   1        _nop_();
  41   1        i = 11;
  42   1        j = 190;
  43   1        do
  44   1        {
  45   2          while (--j);
  46   2        } while (--i);
  47   1      }
  48          void Delay10ms()    //@11.0592MHz
  49          {
  50   1        unsigned char i, j;
  51   1      
  52   1        i = 108;
  53   1        j = 145;
  54   1        do
C51 COMPILER V9.60.0.0   DELAY                                                             06/20/2022 13:51:06 PAGE 2   

  55   1        {
  56   2          while (--j);
  57   2        } while (--i);
  58   1      }
  59          
  60          
  61          


MODULE INFORMATION:   STATIC OVERLAYABLE
   CODE SIZE        =     46    ----
   CONSTANT SIZE    =   ----    ----
   XDATA SIZE       =   ----    ----
   PDATA SIZE       =   ----    ----
   DATA SIZE        =   ----    ----
   IDATA SIZE       =   ----    ----
   BIT SIZE         =   ----    ----
END OF MODULE INFORMATION.


C51 COMPILATION COMPLETE.  0 WARNING(S),  0 ERROR(S)
